2018-11-12 13:53:33,449 :: ERROR :: This type of data is unknow <class 'pycparser.c_ast.Decl'>
2018-11-12 13:54:56,286 :: ERROR :: This type of data is unknow <class 'pycparser.c_ast.Decl'>
2018-11-12 13:56:51,021 :: ERROR :: This type of data is unknow <class 'pycparser.c_ast.Decl'>
2018-11-12 13:57:37,922 :: ERROR :: This type of data is unknow <class 'pycparser.c_ast.Decl'>
2018-11-12 13:58:50,353 :: ERROR :: This type of data is unknow <class 'pycparser.c_ast.Decl'> variable name : balance
2018-11-12 13:59:38,249 :: ERROR :: This type of data is unknow <class 'pycparser.c_ast.Decl'> variable name : balance
2018-11-12 14:02:16,001 :: ERROR :: This type of data is unknow <class 'pycparser.c_ast.Decl'> variable name : balance
2018-11-12 14:02:37,994 :: ERROR :: This type of data is unknow <class 'pycparser.c_ast.Decl'> variable name : balance
2018-11-12 15:53:07,596 :: ERROR :: This type of data is unknow <class 'pycparser.c_ast.Decl'> variable name : balance
2018-11-12 15:55:40,989 :: ERROR :: This type of data is unknow <class 'pycparser.c_ast.Decl'> variable name : p
2018-11-12 15:55:40,993 :: ERROR :: This type of data is unknow <class 'pycparser.c_ast.Decl'> variable name : balance
2018-11-12 15:56:48,736 :: ERROR :: This type of data is unknow <class 'pycparser.c_ast.Decl'> variable name : p
2018-11-12 15:56:48,736 :: ERROR :: This type of data is unknow <class 'pycparser.c_ast.Decl'> variable name : balance
2018-11-12 15:58:21,063 :: ERROR :: This type of data is unknow <class 'pycparser.c_ast.Decl'> variable name : p
2018-11-12 15:58:21,064 :: ERROR :: This type of data is unknow <class 'pycparser.c_ast.Decl'> variable name : balance
2018-11-12 15:59:53,124 :: ERROR :: This type of data is unknow <class 'pycparser.c_ast.Decl'> variable name : p
2018-11-12 15:59:53,125 :: ERROR :: This type of data is unknow <class 'pycparser.c_ast.Decl'> variable name : balance
2018-11-12 15:59:53,125 :: ERROR :: This type of data is unknow <class 'pycparser.c_ast.Assignment'>
2018-11-12 15:59:53,125 :: ERROR :: This type of data is unknow <class 'pycparser.c_ast.Assignment'>
2018-11-12 15:59:53,125 :: ERROR :: This type of data is unknow <class 'pycparser.c_ast.Assignment'>
2018-11-12 16:00:12,801 :: ERROR :: This type of data is unknow <class 'pycparser.c_ast.Decl'> variable name : p
2018-11-12 16:00:12,802 :: ERROR :: This type of data is unknow <class 'pycparser.c_ast.Decl'> variable name : balance
2018-11-12 16:01:50,360 :: ERROR :: This type of data is unknow <class 'pycparser.c_ast.Decl'>
2018-11-12 16:01:50,361 :: ERROR :: This type of data is unknow <class 'pycparser.c_ast.Decl'>
2018-11-12 16:01:50,361 :: ERROR :: This type of data is unknow <class 'pycparser.c_ast.Assignment'>
2018-11-12 16:03:32,291 :: ERROR :: This type of data is unknow <class 'pycparser.c_ast.Decl'>
2018-11-12 16:03:32,291 :: ERROR :: This type of data is unknow <class 'pycparser.c_ast.Decl'>
2018-11-12 16:03:42,898 :: ERROR :: This type of data is unknow <class 'pycparser.c_ast.Decl'>
2018-11-12 16:03:42,899 :: ERROR :: This type of data is unknow <class 'pycparser.c_ast.Decl'>
2018-11-12 16:03:42,899 :: ERROR :: This type of data is unknow <class 'pycparser.c_ast.UnaryOp'>
2018-11-12 16:04:40,744 :: ERROR :: This type of data is unknow <class 'pycparser.c_ast.Decl'>
2018-11-12 16:04:40,744 :: ERROR :: This type of data is unknow <class 'pycparser.c_ast.Decl'>
2018-11-12 16:04:40,744 :: ERROR :: This type of data is unknow <class 'pycparser.c_ast.UnaryOp'>
2018-11-12 16:05:02,832 :: ERROR :: This type of data is unknow <class 'pycparser.c_ast.Return'>
2018-11-12 16:05:23,123 :: ERROR :: This type of data is unknow <class 'pycparser.c_ast.Return'>
2018-11-12 16:05:45,355 :: ERROR :: This type of data is unknow <class 'pycparser.c_ast.Return'>
2018-11-12 16:05:53,261 :: ERROR :: This type of data is unknow <class 'pycparser.c_ast.Decl'>
2018-11-12 16:05:53,261 :: ERROR :: This type of data is unknow <class 'pycparser.c_ast.Decl'>
2018-11-12 16:05:53,261 :: ERROR :: This type of data is unknow <class 'pycparser.c_ast.UnaryOp'>
2018-11-12 16:06:36,352 :: ERROR :: This type of data is unknow <class 'pycparser.c_ast.Decl'>
2018-11-12 16:06:36,352 :: ERROR :: This type of data is unknow <class 'pycparser.c_ast.Decl'>
2018-11-12 16:06:36,353 :: ERROR :: This type of data is unknow <class 'pycparser.c_ast.UnaryOp'>
2018-11-12 16:12:27,094 :: ERROR :: Struct is not supported yet
2018-11-12 16:13:00,122 :: ERROR :: Struct is not supported yet
2018-11-12 16:13:55,107 :: ERROR :: This type of data is unknow <class 'pycparser.c_ast.Decl'>
2018-11-12 16:13:55,107 :: ERROR :: This type of data is unknow <class 'pycparser.c_ast.Decl'>
2018-11-12 16:13:55,107 :: ERROR :: This type of data is unknow <class 'pycparser.c_ast.Decl'>
2018-11-12 16:13:55,108 :: ERROR :: This type of data is unknow <class 'pycparser.c_ast.UnaryOp'>
2018-11-12 16:15:18,578 :: ERROR :: This type of data is unknow <class 'pycparser.c_ast.Decl'>
2018-11-12 16:15:18,579 :: ERROR :: This type of data is unknow <class 'pycparser.c_ast.Decl'>
2018-11-12 16:15:18,579 :: ERROR :: This type of data is unknow <class 'pycparser.c_ast.Decl'>
2018-11-12 16:15:18,579 :: ERROR :: This type of data is unknow <class 'pycparser.c_ast.UnaryOp'>
2018-11-12 16:18:39,663 :: ERROR :: This type of data is unknow <class 'pycparser.c_ast.Decl'>
2018-11-12 16:18:39,664 :: ERROR :: This type of data is unknow <class 'pycparser.c_ast.Decl'>
2018-11-12 16:18:39,664 :: ERROR :: This type of data is unknow <class 'pycparser.c_ast.Decl'>
2018-11-12 16:18:39,664 :: ERROR :: This type of data is unknow <class 'pycparser.c_ast.UnaryOp'>
2018-11-12 16:19:46,167 :: ERROR :: This type of data is unknow <class 'pycparser.c_ast.Decl'>
2018-11-12 16:19:46,168 :: ERROR :: This type of data is unknow <class 'pycparser.c_ast.Decl'>
2018-11-12 16:19:46,168 :: ERROR :: This type of data is unknow <class 'pycparser.c_ast.Decl'>
2018-11-12 16:19:46,168 :: ERROR :: This type of data is unknow <class 'pycparser.c_ast.UnaryOp'>
2018-11-12 16:22:20,644 :: ERROR :: This type of data is unknow <class 'pycparser.c_ast.Decl'>
2018-11-12 16:22:20,644 :: ERROR :: This type of data is unknow <class 'pycparser.c_ast.Decl'>
2018-11-12 16:22:20,644 :: ERROR :: This type of data is unknow <class 'pycparser.c_ast.UnaryOp'>
2018-11-12 16:24:04,225 :: ERROR :: This type of data is unknow <class 'pycparser.c_ast.Decl'>
2018-11-12 16:24:04,226 :: ERROR :: This type of data is unknow <class 'pycparser.c_ast.Decl'>
2018-11-12 16:24:04,226 :: ERROR :: This type of data is unknow <class 'pycparser.c_ast.UnaryOp'>
2018-11-12 16:24:04,226 :: ERROR :: This type of data is unknow <class 'pycparser.c_ast.Constant'>
2018-11-12 16:25:56,705 :: ERROR :: This type of data is unknow <class 'pycparser.c_ast.Decl'>
2018-11-12 16:25:56,706 :: ERROR :: This type of data is unknow <class 'pycparser.c_ast.Decl'>
2018-11-12 16:25:56,706 :: ERROR :: This type of data is unknow <class 'pycparser.c_ast.UnaryOp'>
2018-11-12 16:25:56,706 :: ERROR :: This type of data is unknow <class 'pycparser.c_ast.Constant'>
2018-11-12 16:31:46,831 :: ERROR :: This type of data is unknow <class 'pycparser.c_ast.Decl'>
2018-11-12 16:31:46,832 :: ERROR :: This type of data is unknow <class 'pycparser.c_ast.Decl'>
2018-11-12 16:31:46,832 :: ERROR :: This type of data is unknow <class 'pycparser.c_ast.UnaryOp'>
2018-11-12 16:31:46,832 :: ERROR :: This type of data is unknow <class 'pycparser.c_ast.Constant'>
2018-11-12 16:32:11,108 :: ERROR :: This type of data is unknow <class 'pycparser.c_ast.Decl'>
2018-11-12 16:32:11,109 :: ERROR :: This type of data is unknow <class 'pycparser.c_ast.Decl'>
2018-11-12 16:32:11,109 :: ERROR :: This type of data is unknow <class 'pycparser.c_ast.UnaryOp'>
2018-11-12 16:32:11,109 :: ERROR :: This type of data is unknow <class 'pycparser.c_ast.Constant'>
2018-11-12 16:34:06,610 :: ERROR :: This type of data is unknow <class 'pycparser.c_ast.Decl'>
2018-11-12 16:34:06,611 :: ERROR :: This type of data is unknow <class 'pycparser.c_ast.Decl'>
2018-11-12 16:34:06,611 :: ERROR :: This type of data is unknow <class 'pycparser.c_ast.UnaryOp'>
2018-11-12 16:34:06,611 :: ERROR :: This type of data is unknow <class 'pycparser.c_ast.Constant'>
2018-11-12 16:35:02,734 :: ERROR :: This type of data is unknow <class 'pycparser.c_ast.Decl'>
2018-11-12 16:35:02,734 :: ERROR :: This type of data is unknow <class 'pycparser.c_ast.Decl'>
2018-11-12 16:35:02,734 :: ERROR :: This type of data is unknow <class 'pycparser.c_ast.UnaryOp'>
2018-11-12 16:35:02,735 :: ERROR :: This type of data is unknow <class 'pycparser.c_ast.Constant'>
2018-11-12 16:36:36,314 :: ERROR :: This type of data is unknow <class 'pycparser.c_ast.Decl'>
2018-11-12 16:36:36,318 :: ERROR :: This type of data is unknow <class 'pycparser.c_ast.Decl'>
2018-11-12 16:36:36,318 :: ERROR :: This type of data is unknow <class 'pycparser.c_ast.UnaryOp'>
2018-11-12 16:36:36,318 :: ERROR :: This type of data is unknow <class 'pycparser.c_ast.Constant'>
2018-11-12 16:37:15,442 :: ERROR :: This type of data is unknow <class 'pycparser.c_ast.Decl'>
2018-11-12 16:37:15,442 :: ERROR :: This type of data is unknow <class 'pycparser.c_ast.Decl'>
2018-11-12 16:37:15,442 :: ERROR :: This type of data is unknow <class 'pycparser.c_ast.UnaryOp'>
2018-11-12 16:37:15,442 :: ERROR :: This type of data is unknow <class 'pycparser.c_ast.Constant'>
2018-11-12 16:37:32,046 :: ERROR :: This type of data is unknow <class 'pycparser.c_ast.Decl'>
2018-11-12 16:37:32,054 :: ERROR :: This type of data is unknow <class 'pycparser.c_ast.Decl'>
2018-11-12 16:37:32,055 :: ERROR :: This type of data is unknow <class 'pycparser.c_ast.UnaryOp'>
2018-11-12 16:37:32,055 :: ERROR :: This type of data is unknow <class 'pycparser.c_ast.Constant'>
2018-11-12 16:38:01,658 :: ERROR :: This type of data is unknow <class 'pycparser.c_ast.Decl'>
2018-11-12 16:38:01,659 :: ERROR :: This type of data is unknow <class 'pycparser.c_ast.Decl'>
2018-11-12 16:38:01,659 :: ERROR :: This type of data is unknow <class 'pycparser.c_ast.UnaryOp'>
2018-11-12 16:38:01,659 :: ERROR :: This type of data is unknow <class 'pycparser.c_ast.Constant'>
2018-11-12 16:38:44,102 :: ERROR :: This type of data is unknow <class 'pycparser.c_ast.Decl'>
2018-11-12 16:38:44,102 :: ERROR :: This type of data is unknow <class 'pycparser.c_ast.Decl'>
2018-11-12 16:38:44,103 :: ERROR :: This type of data is unknow <class 'pycparser.c_ast.UnaryOp'>
2018-11-12 16:38:44,103 :: ERROR :: This type of data is unknow <class 'pycparser.c_ast.Constant'>
2018-11-12 16:39:08,208 :: ERROR :: This type of data is unknow <class 'pycparser.c_ast.Decl'>
2018-11-12 16:39:08,208 :: ERROR :: This type of data is unknow <class 'pycparser.c_ast.Decl'>
2018-11-12 16:39:08,208 :: ERROR :: This type of data is unknow <class 'pycparser.c_ast.UnaryOp'>
2018-11-12 16:39:08,208 :: ERROR :: This type of data is unknow <class 'pycparser.c_ast.Constant'>
2018-11-12 16:42:12,131 :: ERROR :: This type of data is unknow <class 'pycparser.c_ast.Decl'>
2018-11-12 16:42:12,132 :: ERROR :: This type of data is unknow <class 'pycparser.c_ast.Decl'>
2018-11-12 16:42:12,132 :: ERROR :: Not possible to parse binary tree
2018-11-12 16:42:12,132 :: ERROR :: Not possible to parse binary tree
2018-11-12 16:42:12,132 :: ERROR :: This type of data is unknow <class 'pycparser.c_ast.UnaryOp'>
2018-11-12 16:42:12,132 :: ERROR :: Not possible to parse binary tree
2018-11-12 16:42:12,132 :: ERROR :: This type of data is unknow <class 'pycparser.c_ast.Constant'>
2018-11-12 16:42:28,613 :: ERROR :: This type of data is unknow <class 'pycparser.c_ast.Decl'>
2018-11-12 16:42:28,613 :: ERROR :: This type of data is unknow <class 'pycparser.c_ast.Decl'>
2018-11-12 16:42:28,613 :: ERROR :: This type of data is unknow <class 'pycparser.c_ast.UnaryOp'>
2018-11-12 16:42:28,613 :: ERROR :: Not possible to parse binary tree
2018-11-12 16:42:28,613 :: ERROR :: This type of data is unknow <class 'pycparser.c_ast.Constant'>
2018-11-12 16:43:17,595 :: ERROR :: This type of data is unknow <class 'pycparser.c_ast.Decl'>
2018-11-12 16:43:17,595 :: ERROR :: This type of data is unknow <class 'pycparser.c_ast.Decl'>
2018-11-12 16:43:17,596 :: ERROR :: This type of data is unknow <class 'pycparser.c_ast.UnaryOp'>
2018-11-12 16:43:17,596 :: ERROR :: This type of data is unknow <class 'pycparser.c_ast.Constant'>
2018-11-12 18:59:24,661 :: ERROR :: This type of data is unknow <class 'pycparser.c_ast.Decl'>
2018-11-12 19:00:32,427 :: ERROR :: This type of data is unknow <class 'pycparser.c_ast.Decl'>
2018-11-12 19:00:32,427 :: ERROR :: This type of data is unknow <class 'pycparser.c_ast.UnaryOp'>
2018-11-12 19:01:44,625 :: ERROR :: This type of data is unknow <class 'pycparser.c_ast.Decl'>
2018-11-12 19:01:44,626 :: ERROR :: This type of data is unknow <class 'pycparser.c_ast.UnaryOp'>
2018-11-12 19:03:18,820 :: ERROR :: This type of data is unknow <class 'pycparser.c_ast.Return'>
2018-11-12 19:04:19,155 :: ERROR :: This type of data is unknow <class 'pycparser.c_ast.Decl'>
2018-11-12 19:04:19,155 :: ERROR :: This type of data is unknow <class 'pycparser.c_ast.Constant'>
2018-11-12 19:12:32,713 :: ERROR :: This type of data is unknow <class 'pycparser.c_ast.Decl'>
2018-11-12 19:12:32,713 :: ERROR :: This type of data is unknow <class 'pycparser.c_ast.Constant'>
2018-11-12 19:12:44,597 :: ERROR :: This type of data is unknow <class 'pycparser.c_ast.Return'>
2018-11-12 20:21:16,349 :: ERROR :: This type of data is unknow <class 'pycparser.c_ast.Decl'>
2018-11-12 20:22:35,592 :: ERROR :: This type of data is unknow <class 'pycparser.c_ast.Decl'>
2018-11-12 20:22:35,592 :: ERROR :: This type of data is unknow <class 'pycparser.c_ast.UnaryOp'>
2018-11-12 20:24:29,766 :: ERROR :: This type of data is unknow <class 'pycparser.c_ast.Return'>
2018-11-12 20:26:54,661 :: ERROR :: This type of data is unknow <class 'pycparser.c_ast.Decl'>
2018-11-12 20:26:54,661 :: ERROR :: This type of data is unknow <class 'pycparser.c_ast.Constant'>
2018-11-12 20:29:15,717 :: ERROR :: This type of data is unknow <class 'pycparser.c_ast.Return'>
2018-11-12 20:30:05,774 :: ERROR :: This type of data is unknow <class 'pycparser.c_ast.Return'>
2018-11-12 20:36:35,940 :: ERROR :: This type of data is unknow <class 'pycparser.c_ast.Decl'>
2018-11-12 20:36:35,940 :: ERROR :: This type of data is unknow <class 'pycparser.c_ast.Decl'>
2018-11-12 20:36:35,955 :: ERROR :: This type of data is unknow <class 'pycparser.c_ast.Decl'>
2018-11-12 20:36:35,955 :: ERROR :: This type of data is unknow <class 'pycparser.c_ast.Decl'>
2018-11-12 20:36:35,955 :: ERROR :: This type of data is unknow <class 'pycparser.c_ast.Decl'>
2018-11-12 20:36:35,955 :: ERROR :: This type of data is unknow <class 'pycparser.c_ast.UnaryOp'>
2018-11-12 20:36:35,955 :: ERROR :: This type of data is unknow <class 'pycparser.c_ast.UnaryOp'>
2018-11-12 20:36:35,955 :: ERROR :: This type of data is unknow <class 'pycparser.c_ast.UnaryOp'>
2018-11-12 20:36:35,966 :: ERROR :: This type of data is unknow <class 'pycparser.c_ast.Return'>
2018-11-12 20:36:35,966 :: ERROR :: This type of data is unknow <class 'pycparser.c_ast.Return'>
2018-11-12 20:36:35,966 :: ERROR :: This type of data is unknow <class 'pycparser.c_ast.Return'>
2018-11-12 20:36:35,966 :: ERROR :: This type of data is unknow <class 'pycparser.c_ast.Return'>
2018-11-12 20:36:35,976 :: ERROR :: This type of data is unknow <class 'pycparser.c_ast.Decl'>
2018-11-12 20:36:35,976 :: ERROR :: This type of data is unknow <class 'pycparser.c_ast.Decl'>
2018-11-12 20:36:35,976 :: ERROR :: This type of data is unknow <class 'pycparser.c_ast.Decl'>
2018-11-12 20:36:35,976 :: ERROR :: This type of data is unknow <class 'pycparser.c_ast.Decl'>
2018-11-12 20:36:35,976 :: ERROR :: This type of data is unknow <class 'pycparser.c_ast.Decl'>
2018-11-12 20:36:35,976 :: ERROR :: This type of data is unknow <class 'pycparser.c_ast.Constant'>
2018-11-12 20:36:35,976 :: ERROR :: This type of data is unknow <class 'pycparser.c_ast.Constant'>
2018-11-12 20:36:35,976 :: ERROR :: This type of data is unknow <class 'pycparser.c_ast.Constant'>
2018-11-12 20:36:35,976 :: ERROR :: This type of data is unknow <class 'pycparser.c_ast.Constant'>
2018-11-12 20:36:35,976 :: ERROR :: This type of data is unknow <class 'pycparser.c_ast.Constant'>
2018-11-12 20:36:35,996 :: ERROR :: This type of data is unknow <class 'pycparser.c_ast.Return'>
2018-11-12 20:36:35,996 :: ERROR :: This type of data is unknow <class 'pycparser.c_ast.Return'>
2018-11-12 20:36:35,996 :: ERROR :: This type of data is unknow <class 'pycparser.c_ast.Return'>
2018-11-12 20:36:35,996 :: ERROR :: This type of data is unknow <class 'pycparser.c_ast.Return'>
2018-11-12 20:36:35,996 :: ERROR :: This type of data is unknow <class 'pycparser.c_ast.Return'>
2018-11-12 20:36:35,996 :: ERROR :: This type of data is unknow <class 'pycparser.c_ast.Return'>
2018-11-12 20:36:35,996 :: ERROR :: This type of data is unknow <class 'pycparser.c_ast.Return'>
2018-11-12 20:36:50,549 :: ERROR :: This type of data is unknow <class 'pycparser.c_ast.Decl'>
2018-11-12 20:36:50,549 :: ERROR :: This type of data is unknow <class 'pycparser.c_ast.Decl'>
2018-11-12 20:36:50,557 :: ERROR :: This type of data is unknow <class 'pycparser.c_ast.Decl'>
2018-11-12 20:36:50,557 :: ERROR :: This type of data is unknow <class 'pycparser.c_ast.Decl'>
2018-11-12 20:36:50,557 :: ERROR :: This type of data is unknow <class 'pycparser.c_ast.Decl'>
2018-11-12 20:36:50,558 :: ERROR :: This type of data is unknow <class 'pycparser.c_ast.UnaryOp'>
2018-11-12 20:36:50,558 :: ERROR :: This type of data is unknow <class 'pycparser.c_ast.UnaryOp'>
2018-11-12 20:36:50,558 :: ERROR :: This type of data is unknow <class 'pycparser.c_ast.UnaryOp'>
2018-11-12 20:36:50,565 :: ERROR :: This type of data is unknow <class 'pycparser.c_ast.Return'>
2018-11-12 20:36:50,565 :: ERROR :: This type of data is unknow <class 'pycparser.c_ast.Return'>
2018-11-12 20:36:50,565 :: ERROR :: This type of data is unknow <class 'pycparser.c_ast.Return'>
2018-11-12 20:36:50,565 :: ERROR :: This type of data is unknow <class 'pycparser.c_ast.Return'>
2018-11-12 20:36:50,574 :: ERROR :: This type of data is unknow <class 'pycparser.c_ast.Decl'>
2018-11-12 20:36:50,574 :: ERROR :: This type of data is unknow <class 'pycparser.c_ast.Decl'>
2018-11-12 20:36:50,574 :: ERROR :: This type of data is unknow <class 'pycparser.c_ast.Decl'>
2018-11-12 20:36:50,574 :: ERROR :: This type of data is unknow <class 'pycparser.c_ast.Decl'>
2018-11-12 20:36:50,574 :: ERROR :: This type of data is unknow <class 'pycparser.c_ast.Decl'>
2018-11-12 20:36:50,574 :: ERROR :: This type of data is unknow <class 'pycparser.c_ast.Constant'>
2018-11-12 20:36:50,574 :: ERROR :: This type of data is unknow <class 'pycparser.c_ast.Constant'>
2018-11-12 20:36:50,574 :: ERROR :: This type of data is unknow <class 'pycparser.c_ast.Constant'>
2018-11-12 20:36:50,574 :: ERROR :: This type of data is unknow <class 'pycparser.c_ast.Constant'>
2018-11-12 20:36:50,574 :: ERROR :: This type of data is unknow <class 'pycparser.c_ast.Constant'>
2018-11-12 20:36:50,590 :: ERROR :: This type of data is unknow <class 'pycparser.c_ast.Return'>
2018-11-12 20:36:50,590 :: ERROR :: This type of data is unknow <class 'pycparser.c_ast.Return'>
2018-11-12 20:36:50,590 :: ERROR :: This type of data is unknow <class 'pycparser.c_ast.Return'>
2018-11-12 20:36:50,590 :: ERROR :: This type of data is unknow <class 'pycparser.c_ast.Return'>
2018-11-12 20:36:50,590 :: ERROR :: This type of data is unknow <class 'pycparser.c_ast.Return'>
2018-11-12 20:36:50,590 :: ERROR :: This type of data is unknow <class 'pycparser.c_ast.Return'>
2018-11-12 20:36:50,590 :: ERROR :: This type of data is unknow <class 'pycparser.c_ast.Return'>
2018-11-12 21:16:56,243 :: ERROR :: This type of data is unknow <class 'pycparser.c_ast.Decl'>
2018-11-12 21:16:56,243 :: ERROR :: This type of data is unknow <class 'pycparser.c_ast.Decl'>
2018-11-12 21:16:56,259 :: ERROR :: This type of data is unknow <class 'pycparser.c_ast.Decl'>
2018-11-12 21:16:56,259 :: ERROR :: This type of data is unknow <class 'pycparser.c_ast.Decl'>
2018-11-12 21:16:56,259 :: ERROR :: This type of data is unknow <class 'pycparser.c_ast.Decl'>
2018-11-12 21:16:56,260 :: ERROR :: This type of data is unknow <class 'pycparser.c_ast.UnaryOp'>
2018-11-12 21:16:56,260 :: ERROR :: This type of data is unknow <class 'pycparser.c_ast.UnaryOp'>
2018-11-12 21:16:56,260 :: ERROR :: This type of data is unknow <class 'pycparser.c_ast.UnaryOp'>
2018-11-12 21:16:56,270 :: ERROR :: This type of data is unknow <class 'pycparser.c_ast.Return'>
2018-11-12 21:16:56,270 :: ERROR :: This type of data is unknow <class 'pycparser.c_ast.Return'>
2018-11-12 21:16:56,270 :: ERROR :: This type of data is unknow <class 'pycparser.c_ast.Return'>
2018-11-12 21:16:56,270 :: ERROR :: This type of data is unknow <class 'pycparser.c_ast.Return'>
2018-11-12 21:16:56,280 :: ERROR :: This type of data is unknow <class 'pycparser.c_ast.Decl'>
2018-11-12 21:16:56,280 :: ERROR :: This type of data is unknow <class 'pycparser.c_ast.Decl'>
2018-11-12 21:16:56,280 :: ERROR :: This type of data is unknow <class 'pycparser.c_ast.Decl'>
2018-11-12 21:16:56,280 :: ERROR :: This type of data is unknow <class 'pycparser.c_ast.Decl'>
2018-11-12 21:16:56,280 :: ERROR :: This type of data is unknow <class 'pycparser.c_ast.Decl'>
2018-11-12 21:16:56,280 :: ERROR :: This type of data is unknow <class 'pycparser.c_ast.Constant'>
2018-11-12 21:16:56,280 :: ERROR :: This type of data is unknow <class 'pycparser.c_ast.Constant'>
2018-11-12 21:16:56,280 :: ERROR :: This type of data is unknow <class 'pycparser.c_ast.Constant'>
2018-11-12 21:16:56,280 :: ERROR :: This type of data is unknow <class 'pycparser.c_ast.Constant'>
2018-11-12 21:16:56,280 :: ERROR :: This type of data is unknow <class 'pycparser.c_ast.Constant'>
2018-11-12 21:16:56,300 :: ERROR :: This type of data is unknow <class 'pycparser.c_ast.Return'>
2018-11-12 21:16:56,300 :: ERROR :: This type of data is unknow <class 'pycparser.c_ast.Return'>
2018-11-12 21:16:56,300 :: ERROR :: This type of data is unknow <class 'pycparser.c_ast.Return'>
2018-11-12 21:16:56,300 :: ERROR :: This type of data is unknow <class 'pycparser.c_ast.Return'>
2018-11-12 21:16:56,300 :: ERROR :: This type of data is unknow <class 'pycparser.c_ast.Return'>
2018-11-12 21:16:56,300 :: ERROR :: This type of data is unknow <class 'pycparser.c_ast.Return'>
2018-11-12 21:16:56,300 :: ERROR :: This type of data is unknow <class 'pycparser.c_ast.Return'>
2018-11-12 21:17:59,653 :: ERROR :: This type of data is unknow <class 'pycparser.c_ast.Decl'>
2018-11-12 21:17:59,653 :: ERROR :: This type of data is unknow <class 'pycparser.c_ast.Decl'>
2018-11-12 21:17:59,662 :: ERROR :: This type of data is unknow <class 'pycparser.c_ast.Decl'>
2018-11-12 21:17:59,662 :: ERROR :: This type of data is unknow <class 'pycparser.c_ast.Decl'>
2018-11-12 21:17:59,662 :: ERROR :: This type of data is unknow <class 'pycparser.c_ast.Decl'>
2018-11-12 21:17:59,662 :: ERROR :: This type of data is unknow <class 'pycparser.c_ast.UnaryOp'>
2018-11-12 21:17:59,662 :: ERROR :: This type of data is unknow <class 'pycparser.c_ast.UnaryOp'>
2018-11-12 21:17:59,662 :: ERROR :: This type of data is unknow <class 'pycparser.c_ast.UnaryOp'>
2018-11-12 21:17:59,669 :: ERROR :: This type of data is unknow <class 'pycparser.c_ast.Return'>
2018-11-12 21:17:59,669 :: ERROR :: This type of data is unknow <class 'pycparser.c_ast.Return'>
2018-11-12 21:17:59,669 :: ERROR :: This type of data is unknow <class 'pycparser.c_ast.Return'>
2018-11-12 21:17:59,669 :: ERROR :: This type of data is unknow <class 'pycparser.c_ast.Return'>
2018-11-12 21:17:59,678 :: ERROR :: This type of data is unknow <class 'pycparser.c_ast.Decl'>
2018-11-12 21:17:59,678 :: ERROR :: This type of data is unknow <class 'pycparser.c_ast.Decl'>
2018-11-12 21:17:59,678 :: ERROR :: This type of data is unknow <class 'pycparser.c_ast.Decl'>
2018-11-12 21:17:59,678 :: ERROR :: This type of data is unknow <class 'pycparser.c_ast.Decl'>
2018-11-12 21:17:59,678 :: ERROR :: This type of data is unknow <class 'pycparser.c_ast.Decl'>
2018-11-12 21:17:59,678 :: ERROR :: This type of data is unknow <class 'pycparser.c_ast.Constant'>
2018-11-12 21:17:59,678 :: ERROR :: This type of data is unknow <class 'pycparser.c_ast.Constant'>
2018-11-12 21:17:59,678 :: ERROR :: This type of data is unknow <class 'pycparser.c_ast.Constant'>
2018-11-12 21:17:59,678 :: ERROR :: This type of data is unknow <class 'pycparser.c_ast.Constant'>
2018-11-12 21:17:59,678 :: ERROR :: This type of data is unknow <class 'pycparser.c_ast.Constant'>
2018-11-12 21:17:59,695 :: ERROR :: This type of data is unknow <class 'pycparser.c_ast.Return'>
2018-11-12 21:17:59,695 :: ERROR :: This type of data is unknow <class 'pycparser.c_ast.Return'>
2018-11-12 21:17:59,695 :: ERROR :: This type of data is unknow <class 'pycparser.c_ast.Return'>
2018-11-12 21:17:59,695 :: ERROR :: This type of data is unknow <class 'pycparser.c_ast.Return'>
2018-11-12 21:17:59,695 :: ERROR :: This type of data is unknow <class 'pycparser.c_ast.Return'>
2018-11-12 21:17:59,695 :: ERROR :: This type of data is unknow <class 'pycparser.c_ast.Return'>
2018-11-12 21:17:59,695 :: ERROR :: This type of data is unknow <class 'pycparser.c_ast.Return'>
